CRITICAL - 2022-12-14 08:02:43 --> Undefined variable $data
in APPPATH\Views\home.php on line 74.
 1 APPPATH\Views\home.php(74): CodeIgniter\Debug\Exceptions->errorHandler(2, 'Undefined variable $data', 'APPPATH\\Views\\home.php', 74)
 2 SYSTEMPATH\View\View.php(213): include('APPPATH\\Views\\home.php')
 3 SYSTEMPATH\View\View.php(216): CodeIgniter\View\View->CodeIgniter\View\{closure}()
 4 SYSTEMPATH\Common.php(1134): CodeIgniter\View\View->render('home.php', [], true)
 5 APPPATH\Controllers\Home.php(21): view('home.php', [...])
 6 SYSTEMPATH\CodeIgniter.php(927): App\Controllers\Home->index()
 7 SYSTEMPATH\CodeIgniter.php(482): CodeIgniter\CodeIgniter->runController(Object(App\Controllers\Home))
 8 SYSTEMPATH\CodeIgniter.php(351): CodeIgniter\CodeIgniter->handleRequest(null, Object(Config\Cache), false)
 9 FCPATH\index.php(67): CodeIgniter\CodeIgniter->run()
10 SYSTEMPATH\Commands\Server\rewrite.php(46): require_once('FCPATH\\index.php')
CRITICAL - 2022-12-14 08:05:14 --> Undefined array key "name"
in APPPATH\Views\home.php on line 78.
 1 APPPATH\Views\home.php(78): CodeIgniter\Debug\Exceptions->errorHandler(2, 'Undefined array key "name"', 'APPPATH\\Views\\home.php', 78)
 2 SYSTEMPATH\View\View.php(213): include('APPPATH\\Views\\home.php')
 3 SYSTEMPATH\View\View.php(216): CodeIgniter\View\View->CodeIgniter\View\{closure}()
 4 SYSTEMPATH\Common.php(1134): CodeIgniter\View\View->render('home.php', [], true)
 5 APPPATH\Controllers\Home.php(21): view('home.php', [...])
 6 SYSTEMPATH\CodeIgniter.php(927): App\Controllers\Home->index()
 7 SYSTEMPATH\CodeIgniter.php(482): CodeIgniter\CodeIgniter->runController(Object(App\Controllers\Home))
 8 SYSTEMPATH\CodeIgniter.php(351): CodeIgniter\CodeIgniter->handleRequest(null, Object(Config\Cache), false)
 9 FCPATH\index.php(67): CodeIgniter\CodeIgniter->run()
10 SYSTEMPATH\Commands\Server\rewrite.php(46): require_once('FCPATH\\index.php')
CRITICAL - 2022-12-14 08:09:11 --> Maximum execution time of 60 seconds exceeded
in SYSTEMPATH\Debug\Exceptions.php on line 153.
 1 [internal function]: CodeIgniter\Debug\Exceptions->shutdownHandler()
CRITICAL - 2022-12-14 08:20:20 --> syntax error, unexpected token "echo", expecting "," or ";"
in APPPATH\Views\home.php on line 119.
 1 SYSTEMPATH\View\View.php(216): CodeIgniter\View\View->CodeIgniter\View\{closure}()
 2 SYSTEMPATH\Common.php(1134): CodeIgniter\View\View->render('home.php', [], true)
 3 APPPATH\Controllers\Home.php(21): view('home.php', [...])
 4 SYSTEMPATH\CodeIgniter.php(927): App\Controllers\Home->index()
 5 SYSTEMPATH\CodeIgniter.php(482): CodeIgniter\CodeIgniter->runController(Object(App\Controllers\Home))
 6 SYSTEMPATH\CodeIgniter.php(351): CodeIgniter\CodeIgniter->handleRequest(null, Object(Config\Cache), false)
 7 FCPATH\index.php(67): CodeIgniter\CodeIgniter->run()
 8 SYSTEMPATH\Commands\Server\rewrite.php(46): require_once('FCPATH\\index.php')
CRITICAL - 2022-12-14 08:44:37 --> Array callback must have exactly two elements
in APPPATH\Controllers\details.php on line 9.
 1 SYSTEMPATH\CodeIgniter.php(927): App\Controllers\Details->showDetails()
 2 SYSTEMPATH\CodeIgniter.php(482): CodeIgniter\CodeIgniter->runController(Object(App\Controllers\Details))
 3 SYSTEMPATH\CodeIgniter.php(351): CodeIgniter\CodeIgniter->handleRequest(null, Object(Config\Cache), false)
 4 FCPATH\index.php(67): CodeIgniter\CodeIgniter->run()
 5 SYSTEMPATH\Commands\Server\rewrite.php(46): require_once('FCPATH\\index.php')
CRITICAL - 2022-12-14 08:53:57 --> Array callback must have exactly two elements
in APPPATH\Controllers\details.php on line 14.
 1 SYSTEMPATH\CodeIgniter.php(927): App\Controllers\Details->showInput()
 2 SYSTEMPATH\CodeIgniter.php(482): CodeIgniter\CodeIgniter->runController(Object(App\Controllers\Details))
 3 SYSTEMPATH\CodeIgniter.php(351): CodeIgniter\CodeIgniter->handleRequest(null, Object(Config\Cache), false)
 4 FCPATH\index.php(67): CodeIgniter\CodeIgniter->run()
 5 SYSTEMPATH\Commands\Server\rewrite.php(46): require_once('FCPATH\\index.php')
CRITICAL - 2022-12-14 08:54:58 --> Array callback must have exactly two elements
in APPPATH\Controllers\details.php on line 14.
 1 SYSTEMPATH\CodeIgniter.php(927): App\Controllers\Details->showInput()
 2 SYSTEMPATH\CodeIgniter.php(482): CodeIgniter\CodeIgniter->runController(Object(App\Controllers\Details))
 3 SYSTEMPATH\CodeIgniter.php(351): CodeIgniter\CodeIgniter->handleRequest(null, Object(Config\Cache), false)
 4 FCPATH\index.php(67): CodeIgniter\CodeIgniter->run()
 5 SYSTEMPATH\Commands\Server\rewrite.php(46): require_once('FCPATH\\index.php')
CRITICAL - 2022-12-14 08:56:29 --> Array callback must have exactly two elements
in APPPATH\Controllers\details.php on line 14.
 1 SYSTEMPATH\CodeIgniter.php(927): App\Controllers\Details->showInput()
 2 SYSTEMPATH\CodeIgniter.php(482): CodeIgniter\CodeIgniter->runController(Object(App\Controllers\Details))
 3 SYSTEMPATH\CodeIgniter.php(351): CodeIgniter\CodeIgniter->handleRequest(null, Object(Config\Cache), false)
 4 FCPATH\index.php(67): CodeIgniter\CodeIgniter->run()
 5 SYSTEMPATH\Commands\Server\rewrite.php(46): require_once('FCPATH\\index.php')
CRITICAL - 2022-12-14 08:56:55 --> Array callback must have exactly two elements
in APPPATH\Controllers\details.php on line 14.
 1 SYSTEMPATH\CodeIgniter.php(927): App\Controllers\Details->showInput()
 2 SYSTEMPATH\CodeIgniter.php(482): CodeIgniter\CodeIgniter->runController(Object(App\Controllers\Details))
 3 SYSTEMPATH\CodeIgniter.php(351): CodeIgniter\CodeIgniter->handleRequest(null, Object(Config\Cache), false)
 4 FCPATH\index.php(67): CodeIgniter\CodeIgniter->run()
 5 SYSTEMPATH\Commands\Server\rewrite.php(46): require_once('FCPATH\\index.php')
CRITICAL - 2022-12-14 08:57:52 --> Array callback must have exactly two elements
in APPPATH\Controllers\details.php on line 14.
 1 SYSTEMPATH\CodeIgniter.php(927): App\Controllers\Details->showInput()
 2 SYSTEMPATH\CodeIgniter.php(482): CodeIgniter\CodeIgniter->runController(Object(App\Controllers\Details))
 3 SYSTEMPATH\CodeIgniter.php(351): CodeIgniter\CodeIgniter->handleRequest(null, Object(Config\Cache), false)
 4 FCPATH\index.php(67): CodeIgniter\CodeIgniter->run()
 5 SYSTEMPATH\Commands\Server\rewrite.php(46): require_once('FCPATH\\index.php')
