CRITICAL - 2022-12-07 09:02:02 --> Invalid argument supplied for foreach()
in APPPATH\Views\home.php on line 72.
 1 APPPATH\Views\home.php(72): CodeIgniter\Debug\Exceptions->errorHandler(2, 'Invalid argument supplied for foreach()', 'APPPATH\\Views\\home.php', 72, [...])
 2 SYSTEMPATH\View\View.php(213): include('APPPATH\\Views\\home.php')
 3 SYSTEMPATH\View\View.php(216): CodeIgniter\View\View->CodeIgniter\View\{closure}()
 4 SYSTEMPATH\Common.php(1134): CodeIgniter\View\View->render('home.php', [], true)
 5 APPPATH\Controllers\Home.php(17): view('home.php', [...])
 6 SYSTEMPATH\CodeIgniter.php(927): App\Controllers\Home->index()
 7 SYSTEMPATH\CodeIgniter.php(482): CodeIgniter\CodeIgniter->runController(Object(App\Controllers\Home))
 8 SYSTEMPATH\CodeIgniter.php(351): CodeIgniter\CodeIgniter->handleRequest(null, Object(Config\Cache), false)
 9 FCPATH\index.php(67): CodeIgniter\CodeIgniter->run()
10 SYSTEMPATH\Commands\Server\rewrite.php(46): require_once('FCPATH\\index.php')
CRITICAL - 2022-12-07 09:09:49 --> A non-numeric value encountered
in APPPATH\Views\home.php on line 74.
 1 APPPATH\Views\home.php(74): CodeIgniter\Debug\Exceptions->errorHandler(2, 'A non-numeric value encountered', 'APPPATH\\Views\\home.php', 74, [...])
 2 SYSTEMPATH\View\View.php(213): include('APPPATH\\Views\\home.php')
 3 SYSTEMPATH\View\View.php(216): CodeIgniter\View\View->CodeIgniter\View\{closure}()
 4 SYSTEMPATH\Common.php(1134): CodeIgniter\View\View->render('home.php', [], true)
 5 APPPATH\Controllers\Home.php(17): view('home.php', [...])
 6 SYSTEMPATH\CodeIgniter.php(927): App\Controllers\Home->index()
 7 SYSTEMPATH\CodeIgniter.php(482): CodeIgniter\CodeIgniter->runController(Object(App\Controllers\Home))
 8 SYSTEMPATH\CodeIgniter.php(351): CodeIgniter\CodeIgniter->handleRequest(null, Object(Config\Cache), false)
 9 FCPATH\index.php(67): CodeIgniter\CodeIgniter->run()
10 SYSTEMPATH\Commands\Server\rewrite.php(46): require_once('FCPATH\\index.php')
CRITICAL - 2022-12-07 09:18:46 --> Illegal string offset 'backdrop_path'
in APPPATH\Views\home.php on line 74.
 1 APPPATH\Views\home.php(74): CodeIgniter\Debug\Exceptions->errorHandler(2, 'Illegal string offset \'backdrop_path\'', 'APPPATH\\Views\\home.php', 74, [...])
 2 SYSTEMPATH\View\View.php(213): include('APPPATH\\Views\\home.php')
 3 SYSTEMPATH\View\View.php(216): CodeIgniter\View\View->CodeIgniter\View\{closure}()
 4 SYSTEMPATH\Common.php(1134): CodeIgniter\View\View->render('home.php', [], true)
 5 APPPATH\Controllers\Home.php(17): view('home.php', [...])
 6 SYSTEMPATH\CodeIgniter.php(927): App\Controllers\Home->index()
 7 SYSTEMPATH\CodeIgniter.php(482): CodeIgniter\CodeIgniter->runController(Object(App\Controllers\Home))
 8 SYSTEMPATH\CodeIgniter.php(351): CodeIgniter\CodeIgniter->handleRequest(null, Object(Config\Cache), false)
 9 FCPATH\index.php(67): CodeIgniter\CodeIgniter->run()
10 SYSTEMPATH\Commands\Server\rewrite.php(46): require_once('FCPATH\\index.php')
CRITICAL - 2022-12-07 09:35:23 --> syntax error, unexpected end of file
in APPPATH\Views\home.php on line 285.
 1 SYSTEMPATH\View\View.php(216): CodeIgniter\View\View->CodeIgniter\View\{closure}()
 2 SYSTEMPATH\Common.php(1134): CodeIgniter\View\View->render('home.php', [], true)
 3 APPPATH\Controllers\Home.php(17): view('home.php', [...])
 4 SYSTEMPATH\CodeIgniter.php(927): App\Controllers\Home->index()
 5 SYSTEMPATH\CodeIgniter.php(482): CodeIgniter\CodeIgniter->runController(Object(App\Controllers\Home))
 6 SYSTEMPATH\CodeIgniter.php(351): CodeIgniter\CodeIgniter->handleRequest(null, Object(Config\Cache), false)
 7 FCPATH\index.php(67): CodeIgniter\CodeIgniter->run()
 8 SYSTEMPATH\Commands\Server\rewrite.php(46): require_once('FCPATH\\index.php')
CRITICAL - 2022-12-07 09:39:15 --> Invalid argument supplied for foreach()
in APPPATH\Views\home.php on line 71.
 1 APPPATH\Views\home.php(71): CodeIgniter\Debug\Exceptions->errorHandler(2, 'Invalid argument supplied for foreach()', 'APPPATH\\Views\\home.php', 71, [...])
 2 SYSTEMPATH\View\View.php(213): include('APPPATH\\Views\\home.php')
 3 SYSTEMPATH\View\View.php(216): CodeIgniter\View\View->CodeIgniter\View\{closure}()
 4 SYSTEMPATH\Common.php(1134): CodeIgniter\View\View->render('home.php', [], true)
 5 APPPATH\Controllers\Home.php(17): view('home.php', [...])
 6 SYSTEMPATH\CodeIgniter.php(927): App\Controllers\Home->index()
 7 SYSTEMPATH\CodeIgniter.php(482): CodeIgniter\CodeIgniter->runController(Object(App\Controllers\Home))
 8 SYSTEMPATH\CodeIgniter.php(351): CodeIgniter\CodeIgniter->handleRequest(null, Object(Config\Cache), false)
 9 FCPATH\index.php(67): CodeIgniter\CodeIgniter->run()
10 SYSTEMPATH\Commands\Server\rewrite.php(46): require_once('FCPATH\\index.php')
CRITICAL - 2022-12-07 09:40:03 --> Invalid argument supplied for foreach()
in APPPATH\Views\home.php on line 71.
 1 APPPATH\Views\home.php(71): CodeIgniter\Debug\Exceptions->errorHandler(2, 'Invalid argument supplied for foreach()', 'APPPATH\\Views\\home.php', 71, [...])
 2 SYSTEMPATH\View\View.php(213): include('APPPATH\\Views\\home.php')
 3 SYSTEMPATH\View\View.php(216): CodeIgniter\View\View->CodeIgniter\View\{closure}()
 4 SYSTEMPATH\Common.php(1134): CodeIgniter\View\View->render('home.php', [], true)
 5 APPPATH\Controllers\Home.php(17): view('home.php', [...])
 6 SYSTEMPATH\CodeIgniter.php(927): App\Controllers\Home->index()
 7 SYSTEMPATH\CodeIgniter.php(482): CodeIgniter\CodeIgniter->runController(Object(App\Controllers\Home))
 8 SYSTEMPATH\CodeIgniter.php(351): CodeIgniter\CodeIgniter->handleRequest(null, Object(Config\Cache), false)
 9 FCPATH\index.php(67): CodeIgniter\CodeIgniter->run()
10 SYSTEMPATH\Commands\Server\rewrite.php(46): require_once('FCPATH\\index.php')
